2026-02-01 12:16:14.607: [INFO] VisibilityChanged: 0
2026-02-01 12:16:14.682: [INFO] RecordSyncInitDuration has_sync_been_enabled: 0 state: 0
2026-02-01 12:16:14.685: [INFO] RecordSyncInitDuration has_sync_been_enabled: 0 state: 0
2026-02-01 12:16:14.688: [INFO] RecordSyncInitDuration has_sync_been_enabled: 0 state: 0
2026-02-01 12:16:14.691: [INFO] RecordSyncInitDuration has_sync_been_enabled: 0 state: 0
2026-02-01 12:16:14.694: [INFO] RecordSyncInitDuration has_sync_been_enabled: 0 state: 0
2026-02-01 12:16:14.697: [INFO] RecordSyncInitDuration has_sync_been_enabled: 0 state: 0
2026-02-01 12:16:14.699: [INFO] RecordSyncInitDuration has_sync_been_enabled: 0 state: 0
2026-02-01 12:16:14.701: [INFO] RecordSyncInitDuration has_sync_been_enabled: 0 state: 0
2026-02-01 12:16:14.704: [INFO] RecordSyncInitDuration has_sync_been_enabled: 0 state: 0
2026-02-01 12:16:14.706: [INFO] RecordSyncInitDuration has_sync_been_enabled: 0 state: 0
2026-02-01 12:16:14.708: [INFO] RecordSyncInitDuration has_sync_been_enabled: 0 state: 0
2026-02-01 12:16:14.723: [INFO] BookmarkModelLoaded, ids_reassigned: 0
2026-02-01 12:16:14.723: [INFO] OnDoneLoading sync enabled: 0
2026-02-01 12:16:14.870: [INFO] RecordSyncInitDuration has_sync_been_enabled: 0 state: 0
2026-02-01 12:16:16.397: [INFO] RecordSyncInitDuration has_sync_been_enabled: 0 state: 3
2026-02-01 12:16:16.403: [INFO] Primary account changed.
2026-02-01 12:16:16.403: [INFO] OnPrimaryAccountChanged PrimaryAccountChangeEvent::Type::kSet
2026-02-01 12:16:16.413: [INFO] RecordSyncInitDuration has_sync_been_enabled: 0 state: 3
2026-02-01 12:16:16.510: [INFO] RecordSyncInitDuration has_sync_been_enabled: 0 state: 3
2026-02-01 12:16:18.393: [INFO] BookmarkNodeAdded, ABU: 0
2026-02-01 12:16:18.394: [INFO] BookmarkNodeAdded, ABU: 0
2026-02-01 12:16:18.394: [INFO] BookmarkNodeAdded, ABU: 0
2026-02-01 12:16:18.395: [INFO] BookmarkNodeAdded, ABU: 0
2026-02-01 12:16:18.395: [INFO] BookmarkNodeAdded, ABU: 0
2026-02-01 12:16:18.395: [INFO] BookmarkNodeAdded, ABU: 0
2026-02-01 12:16:18.396: [INFO] BookmarkNodeAdded, ABU: 0
2026-02-01 12:16:18.396: [INFO] BookmarkNodeAdded, ABU: 0
2026-02-01 12:16:18.397: [INFO] BookmarkNodeAdded, ABU: 0
2026-02-01 12:16:18.397: [INFO] BookmarkNodeAdded, ABU: 0
2026-02-01 12:16:18.398: [INFO] BookmarkNodeAdded, ABU: 0
2026-02-01 12:16:18.398: [INFO] BookmarkNodeAdded, ABU: 0
2026-02-01 12:16:18.398: [INFO] BookmarkNodeAdded, ABU: 0
2026-02-01 12:16:18.399: [INFO] BookmarkNodeAdded, ABU: 0
2026-02-01 12:16:18.399: [INFO] BookmarkNodeAdded, ABU: 0
2026-02-01 12:16:18.400: [INFO] BookmarkNodeAdded, ABU: 0
2026-02-01 12:16:18.400: [INFO] BookmarkNodeAdded, ABU: 0
2026-02-01 12:16:18.400: [INFO] BookmarkNodeAdded, ABU: 0
2026-02-01 12:16:18.401: [INFO] BookmarkNodeAdded, ABU: 0
2026-02-01 12:16:18.401: [INFO] BookmarkNodeAdded, ABU: 0
2026-02-01 12:16:18.402: [INFO] BookmarkNodeAdded, ABU: 0
2026-02-01 12:16:18.402: [INFO] BookmarkNodeAdded, ABU: 0
2026-02-01 12:16:18.403: [INFO] BookmarkNodeAdded, ABU: 0
2026-02-01 12:16:18.403: [INFO] BookmarkNodeAdded, ABU: 0
2026-02-01 12:16:18.403: [INFO] BookmarkNodeAdded, ABU: 0
2026-02-01 12:16:18.404: [INFO] BookmarkNodeAdded, ABU: 0
2026-02-01 12:16:18.404: [INFO] BookmarkNodeAdded, ABU: 0
2026-02-01 12:16:18.405: [INFO] BookmarkNodeAdded, ABU: 0
2026-02-01 12:16:18.405: [INFO] BookmarkNodeAdded, ABU: 0
2026-02-01 12:16:18.406: [INFO] BookmarkNodeAdded, ABU: 0
2026-02-01 12:16:18.406: [INFO] BookmarkNodeAdded, ABU: 0
2026-02-01 12:16:18.409: [INFO] BookmarkNodeAdded, ABU: 0
2026-02-01 12:16:18.410: [INFO] BookmarkNodeAdded, ABU: 0
2026-02-01 12:16:18.410: [INFO] BookmarkNodeAdded, ABU: 0
2026-02-01 12:16:18.410: [INFO] BookmarkNodeAdded, ABU: 0
2026-02-01 12:16:18.411: [INFO] BookmarkNodeAdded, ABU: 0
2026-02-01 12:16:18.411: [INFO] BookmarkNodeAdded, ABU: 0
2026-02-01 12:16:18.412: [INFO] BookmarkNodeAdded, ABU: 0
2026-02-01 12:16:18.412: [INFO] BookmarkNodeAdded, ABU: 0
2026-02-01 12:16:24.184: [INFO] Sync initialization duration: 7454ms
