{"logTime": "0201/121616", "correlationVector":"TeDqODtfcf5hOLsF3m7eM3.1","action":"SyncServerConnectionManagerRequest", "result":"SYNC_SERVER_OK", "context":{"environment":"Prod_southeastasia_prod-s01-064-apac-southeastasia", "migrationStage":"NotStarted", "server":"akswtt110000018"}}
{"logTime": "0201/121616", "correlationVector":"TeDqODtfcf5hOLsF3m7eM3.2","action":"ProcessGetUpdates", "result":"Done", "context":{"dataType":"Encryption Keys", "deleted":"0", "process_failed_to_decrypt":"0", "process_pending_decryption":"0", "process_success":"1", "total":"1"}}
{"logTime": "0201/121617", "correlationVector":"d9X/iG8jcIuLEbEciXt3d7","action":"SyncServerConnectionManagerRequest", "result":"SYNC_SERVER_OK", "context":{"environment":"", "migrationStage":"", "server":""}}
{"logTime": "0201/121617", "correlationVector":"d9X/iG8jcIuLEbEciXt3d7.0","action":"EncryptionKeysFetcher.DownloadKeys:", "result":"Success", "context":Key count: 10, Last key timestamp: 2025-08-18T14:27:07Z}
{"logTime": "0201/121617", "correlationVector":"d9X/iG8jcIuLEbEciXt3d7.1","action":"EncryptionKeysManager::SetEncryptionKeys:", "result":"Success", "context":Key names[10]:[z+Oz97MVJtNoe1O1SMxTMZyrgNuid3jeY7+w1+eTR9jOFriNKsGLXKZs2QkRkkwibRY0FO27tbWe0xPfdDgiig==][ptNWnjQdtLbwYCxmFwvoXbO2ce7smfT79xkdl2Q49Q6j9NJ4c/L4hX1yJuTcIqQBVSwsXAQk96cbE2AKZ45I/w==][o4te1Rly24bIECkT0KV2ZtRi8oD28GcZsyb2vwXqLY8RlstZvDbrsKCeZvy5r2+RqJDWgWwhwJGdwYIYgKzEnw==][DbKjtNepbMj7eDJUVNwFQWeHBcqGXw275k7mLSgJ6JuwbJvzaLwi9XgGG9nFDWczWqZHDnaHINLxlXZPq8GaLw==][hu+xjHa7PWd96IWyP4hZGY72hh8BldaHb0+YrMm+A2cA+1dm1YgEy10ZykZ+VxrZDsA4W8Q4ENIjjo7cN9nd3Q==][22OTJFiZLVDUxQTGQpyNtw3BhA/sjxYAopAb6EZuXFz0Y618Ak+KKeCCnifchD0uESz8fRvYHYQ/tAeo7FqD0A==][tgGhZIqoM192OBsguosFjOHtskmJGRQRVw23aKdY7AEpeNHZpD8PnDH0sfKx1W3jKXZ/7ph4IFtmmxBfHKIBJw==][QWmI7aYrMK/xGkwOrR2IuwrRBxdcPdJf6sJ4Rlp+p4L7bcuuuYHFn+XSGDGaByylXnTkP/J0skwiNLmk1g5zpg==][A5XjqVAIbVH4LzySRoW2ULXMzjMHbLx52543MMHdxMQvUX5iPwUM7//OUycdTWU3q6ON++B0pxhlJ7xFu+IlQg==][rFH9Decy6EcOVTUKa3kGsHnFYA8luSHouQGVPyyLMv2o25aqlaVKIKrnHVF+J+voFzFJO8DgxmhVasDzwzrIFg==]}
{"logTime": "0201/121617", "correlationVector":"d9X/iG8jcIuLEbEciXt3d7.2","action":"EncryptionKeysManager::SetEncryptionKeysWithTimestamps:", "result":"Success", "context":Key timestamps[10]:[2020-12-27T22:05:23Z][2021-06-27T15:07:47Z][2022-01-20T12:38:24Z][2022-07-25T14:39:16Z][2023-02-05T12:55:31Z][2023-08-25T03:44:48Z][2024-02-22T06:32:31Z][2024-08-22T12:52:17Z][2025-02-19T03:18:15Z][2025-08-18T14:27:07Z]}
{"logTime": "0201/121617", "correlationVector":"TeDqODtfcf5hOLsF3m7eM3","action":"Initial GetUpdates", "result":"", "context":Reason: NEW_CLIENT. cV=TeDqODtfcf5hOLsF3m7eM3}
{"logTime": "0201/121617", "correlationVector":"TeDqODtfcf5hOLsF3m7eM3.3","action":"GetUpdates Response", "result":"Success", "context":Received 1 update(s). cV=TeDqODtfcf5hOLsF3m7eM3.0;server=akswtt110000018;cloudType=Consumer;environment=Prod_southeastasia_prod-s01-064-apac-southeastasia;migrationStage=NotStarted}
{"logTime": "0201/121617", "correlationVector":"FAWH1YaUbugxrjfvVh11mE","action":"Initial GetUpdates", "result":"", "context":Reason: NEWLY_SUPPORTED_DATATYPE. cV=FAWH1YaUbugxrjfvVh11mE}
{"logTime": "0201/121617", "correlationVector":"FAWH1YaUbugxrjfvVh11mE.1","action":"SyncServerConnectionManagerRequest", "result":"SYNC_SERVER_OK", "context":{"environment":"Prod_southeastasia_prod-s01-064-apac-southeastasia", "migrationStage":"NotStarted", "server":"akswtt110000011"}}
{"logTime": "0201/121617", "correlationVector":"FAWH1YaUbugxrjfvVh11mE.2","action":"ProcessGetUpdates", "result":"Done", "context":{"dataType":"Preferences", "deleted":"1", "process_failed_to_decrypt":"0", "process_pending_decryption":"0", "process_success":"110", "total":"110"}}
{"logTime": "0201/121617", "correlationVector":"FAWH1YaUbugxrjfvVh11mE.3","action":"ProcessGetUpdates", "result":"Done", "context":{"dataType":"Passwords", "deleted":"5", "process_failed_to_decrypt":"0", "process_pending_decryption":"0", "process_success":"75", "total":"75"}}
{"logTime": "0201/121617", "correlationVector":"FAWH1YaUbugxrjfvVh11mE.4","action":"GetUpdates Response", "result":"Success", "context":Received 185 update(s). cV=FAWH1YaUbugxrjfvVh11mE.0;server=akswtt110000011;cloudType=Consumer;environment=Prod_southeastasia_prod-s01-064-apac-southeastasia;migrationStage=NotStarted}
{"logTime": "0201/121618", "correlationVector":"WKVjh7ELnH6IU/+rNAWG+4","action":"Initial GetUpdates", "result":"", "context":Reason: NEWLY_SUPPORTED_DATATYPE. cV=WKVjh7ELnH6IU/+rNAWG+4}
{"logTime": "0201/121618", "correlationVector":"WKVjh7ELnH6IU/+rNAWG+4.1","action":"SyncServerConnectionManagerRequest", "result":"SYNC_SERVER_OK", "context":{"environment":"Prod_southeastasia_prod-s01-065-apac-southeastasia", "migrationStage":"NotStarted", "server":"akswtt11000000k"}}
{"logTime": "0201/121618", "correlationVector":"WKVjh7ELnH6IU/+rNAWG+4.2","action":"ProcessGetUpdates", "result":"Done", "context":{"dataType":"Bookmarks", "deleted":"3", "process_failed_to_decrypt":"0", "process_pending_decryption":"0", "process_success":"48", "total":"48"}}
{"logTime": "0201/121618", "correlationVector":"WKVjh7ELnH6IU/+rNAWG+4.3","action":"GetUpdates Response", "result":"Success", "context":Received 48 update(s). cV=WKVjh7ELnH6IU/+rNAWG+4.0;server=akswtt11000000k;cloudType=Consumer;environment=Prod_southeastasia_prod-s01-065-apac-southeastasia;migrationStage=NotStarted}
{"logTime": "0201/121618", "correlationVector":"WDMkqBleafuPMxqa2RxgdJ","action":"Initial GetUpdates", "result":"", "context":Reason: NEWLY_SUPPORTED_DATATYPE. cV=WDMkqBleafuPMxqa2RxgdJ}
{"logTime": "0201/121619", "correlationVector":"WDMkqBleafuPMxqa2RxgdJ.1","action":"SyncServerConnectionManagerRequest", "result":"SYNC_SERVER_OK", "context":{"environment":"Prod_southeastasia_prod-s01-065-apac-southeastasia", "migrationStage":"NotStarted", "server":"akswtt11000000g"}}
{"logTime": "0201/121619", "correlationVector":"WDMkqBleafuPMxqa2RxgdJ.2","action":"ProcessGetUpdates", "result":"Done", "context":{"dataType":"Autofill Profiles", "deleted":"0", "process_failed_to_decrypt":"0", "process_pending_decryption":"0", "process_success":"63", "total":"63"}}
{"logTime": "0201/121619", "correlationVector":"WDMkqBleafuPMxqa2RxgdJ.3","action":"ProcessGetUpdates", "result":"Done", "context":{"dataType":"Autofill", "deleted":"0", "process_failed_to_decrypt":"0", "process_pending_decryption":"0", "process_success":"152", "total":"152"}}
{"logTime": "0201/121619", "correlationVector":"WDMkqBleafuPMxqa2RxgdJ.4","action":"ProcessGetUpdates", "result":"Done", "context":{"dataType":"Extensions", "deleted":"0", "process_failed_to_decrypt":"0", "process_pending_decryption":"0", "process_success":"5", "total":"5"}}
{"logTime": "0201/121619", "correlationVector":"WDMkqBleafuPMxqa2RxgdJ.5","action":"ProcessGetUpdates", "result":"Done", "context":{"dataType":"Extension settings", "deleted":"0", "process_failed_to_decrypt":"0", "process_pending_decryption":"0", "process_success":"21", "total":"21"}}
{"logTime": "0201/121619", "correlationVector":"WDMkqBleafuPMxqa2RxgdJ.6","action":"ProcessGetUpdates", "result":"Done", "context":{"dataType":"Saved Tab Group", "deleted":"9", "process_failed_to_decrypt":"0", "process_pending_decryption":"0", "process_success":"9", "total":"9"}}
{"logTime": "0201/121619", "correlationVector":"WDMkqBleafuPMxqa2RxgdJ.7","action":"GetUpdates Response", "result":"Success", "context":Received 250 update(s). cV=WDMkqBleafuPMxqa2RxgdJ.0;server=akswtt11000000g;cloudType=Consumer;environment=Prod_southeastasia_prod-s01-065-apac-southeastasia;migrationStage=NotStarted Some updates remain.}
{"logTime": "0201/121619", "correlationVector":"srVwc40Bp9oSbqxdSxfBoq","action":"Initial GetUpdates", "result":"", "context":Reason: NEWLY_SUPPORTED_DATATYPE. cV=srVwc40Bp9oSbqxdSxfBoq}
{"logTime": "0201/121619", "correlationVector":"srVwc40Bp9oSbqxdSxfBoq.1","action":"SyncServerConnectionManagerRequest", "result":"SYNC_SERVER_OK", "context":{"environment":"Prod_southeastasia_prod-s01-065-apac-southeastasia", "migrationStage":"NotStarted", "server":"akswtt110000010"}}
{"logTime": "0201/121619", "correlationVector":"srVwc40Bp9oSbqxdSxfBoq.2","action":"ProcessGetUpdates", "result":"Done", "context":{"dataType":"Autofill", "deleted":"0", "process_failed_to_decrypt":"0", "process_pending_decryption":"0", "process_success":"250", "total":"250"}}
{"logTime": "0201/121619", "correlationVector":"srVwc40Bp9oSbqxdSxfBoq.3","action":"GetUpdates Response", "result":"Success", "context":Received 250 update(s). cV=srVwc40Bp9oSbqxdSxfBoq.0;server=akswtt110000010;cloudType=Consumer;environment=Prod_southeastasia_prod-s01-065-apac-southeastasia;migrationStage=NotStarted Some updates remain.}
{"logTime": "0201/121619", "correlationVector":"1eaSWzFDNtPK8DANiUMBXZ","action":"Initial GetUpdates", "result":"", "context":Reason: NEWLY_SUPPORTED_DATATYPE. cV=1eaSWzFDNtPK8DANiUMBXZ}
{"logTime": "0201/121620", "correlationVector":"1eaSWzFDNtPK8DANiUMBXZ.1","action":"SyncServerConnectionManagerRequest", "result":"SYNC_SERVER_OK", "context":{"environment":"Prod_southeastasia_prod-s01-065-apac-southeastasia", "migrationStage":"NotStarted", "server":"akswtt11000000m"}}
{"logTime": "0201/121620", "correlationVector":"1eaSWzFDNtPK8DANiUMBXZ.2","action":"ProcessGetUpdates", "result":"Done", "context":{"dataType":"Autofill", "deleted":"0", "process_failed_to_decrypt":"0", "process_pending_decryption":"0", "process_success":"247", "total":"247"}}
{"logTime": "0201/121620", "correlationVector":"1eaSWzFDNtPK8DANiUMBXZ.3","action":"ProcessGetUpdates", "result":"Done", "context":{"dataType":"Extensions", "deleted":"0", "process_failed_to_decrypt":"0", "process_pending_decryption":"0", "process_success":"1", "total":"1"}}
{"logTime": "0201/121620", "correlationVector":"1eaSWzFDNtPK8DANiUMBXZ.4","action":"ProcessGetUpdates", "result":"Done", "context":{"dataType":"Saved Tab Group", "deleted":"2", "process_failed_to_decrypt":"0", "process_pending_decryption":"0", "process_success":"2", "total":"2"}}
{"logTime": "0201/121620", "correlationVector":"1eaSWzFDNtPK8DANiUMBXZ.5","action":"GetUpdates Response", "result":"Success", "context":Received 250 update(s). cV=1eaSWzFDNtPK8DANiUMBXZ.0;server=akswtt11000000m;cloudType=Consumer;environment=Prod_southeastasia_prod-s01-065-apac-southeastasia;migrationStage=NotStarted Some updates remain.}
{"logTime": "0201/121620", "correlationVector":"N+uIHjFUcY0S5YwtsRz3Sh","action":"Initial GetUpdates", "result":"", "context":Reason: NEWLY_SUPPORTED_DATATYPE. cV=N+uIHjFUcY0S5YwtsRz3Sh}
{"logTime": "0201/121620", "correlationVector":"N+uIHjFUcY0S5YwtsRz3Sh.1","action":"SyncServerConnectionManagerRequest", "result":"SYNC_SERVER_OK", "context":{"environment":"Prod_southeastasia_prod-s01-065-apac-southeastasia", "migrationStage":"NotStarted", "server":"akswtt11000000b"}}
{"logTime": "0201/121620", "correlationVector":"N+uIHjFUcY0S5YwtsRz3Sh.2","action":"ProcessGetUpdates", "result":"Done", "context":{"dataType":"Autofill Profiles", "deleted":"0", "process_failed_to_decrypt":"0", "process_pending_decryption":"0", "process_success":"1", "total":"1"}}
{"logTime": "0201/121620", "correlationVector":"N+uIHjFUcY0S5YwtsRz3Sh.3","action":"ProcessGetUpdates", "result":"Done", "context":{"dataType":"Autofill", "deleted":"0", "process_failed_to_decrypt":"0", "process_pending_decryption":"0", "process_success":"16", "total":"16"}}
{"logTime": "0201/121620", "correlationVector":"N+uIHjFUcY0S5YwtsRz3Sh.4","action":"ProcessGetUpdates", "result":"Done", "context":{"dataType":"Sessions", "deleted":"232", "process_failed_to_decrypt":"0", "process_pending_decryption":"0", "process_success":"232", "total":"232"}}
{"logTime": "0201/121620", "correlationVector":"N+uIHjFUcY0S5YwtsRz3Sh.5","action":"ProcessGetUpdates", "result":"Done", "context":{"dataType":"Edge Hub App Usage", "deleted":"0", "process_failed_to_decrypt":"0", "process_pending_decryption":"0", "process_success":"1", "total":"1"}}
{"logTime": "0201/121620", "correlationVector":"N+uIHjFUcY0S5YwtsRz3Sh.6","action":"GetUpdates Response", "result":"Success", "context":Received 250 update(s). cV=N+uIHjFUcY0S5YwtsRz3Sh.0;server=akswtt11000000b;cloudType=Consumer;environment=Prod_southeastasia_prod-s01-065-apac-southeastasia;migrationStage=NotStarted Some updates remain.}
{"logTime": "0201/121620", "correlationVector":"Lb+IOl9zl0aAoz3K9mV7Jb","action":"Initial GetUpdates", "result":"", "context":Reason: NEWLY_SUPPORTED_DATATYPE. cV=Lb+IOl9zl0aAoz3K9mV7Jb}
{"logTime": "0201/121621", "correlationVector":"Lb+IOl9zl0aAoz3K9mV7Jb.1","action":"SyncServerConnectionManagerRequest", "result":"SYNC_SERVER_OK", "context":{"environment":"Prod_southeastasia_prod-s01-065-apac-southeastasia", "migrationStage":"NotStarted", "server":"akswtt11000000n"}}
{"logTime": "0201/121621", "correlationVector":"Lb+IOl9zl0aAoz3K9mV7Jb.2","action":"ProcessGetUpdates", "result":"Done", "context":{"dataType":"Autofill Profiles", "deleted":"0", "process_failed_to_decrypt":"0", "process_pending_decryption":"0", "process_success":"1", "total":"1"}}
{"logTime": "0201/121621", "correlationVector":"Lb+IOl9zl0aAoz3K9mV7Jb.3","action":"ProcessGetUpdates", "result":"Done", "context":{"dataType":"Autofill", "deleted":"0", "process_failed_to_decrypt":"0", "process_pending_decryption":"0", "process_success":"40", "total":"40"}}
{"logTime": "0201/121621", "correlationVector":"Lb+IOl9zl0aAoz3K9mV7Jb.4","action":"ProcessGetUpdates", "result":"Done", "context":{"dataType":"Sessions", "deleted":"204", "process_failed_to_decrypt":"0", "process_pending_decryption":"0", "process_success":"204", "total":"204"}}
{"logTime": "0201/121621", "correlationVector":"Lb+IOl9zl0aAoz3K9mV7Jb.5","action":"ProcessGetUpdates", "result":"Done", "context":{"dataType":"Edge Hub App Usage", "deleted":"4", "process_failed_to_decrypt":"0", "process_pending_decryption":"0", "process_success":"5", "total":"5"}}
{"logTime": "0201/121621", "correlationVector":"Lb+IOl9zl0aAoz3K9mV7Jb.6","action":"GetUpdates Response", "result":"Success", "context":Received 250 update(s). cV=Lb+IOl9zl0aAoz3K9mV7Jb.0;server=akswtt11000000n;cloudType=Consumer;environment=Prod_southeastasia_prod-s01-065-apac-southeastasia;migrationStage=NotStarted Some updates remain.}
{"logTime": "0201/121621", "correlationVector":"Mz8tUMo5ZAxxSxfEgUQ12c","action":"Initial GetUpdates", "result":"", "context":Reason: NEWLY_SUPPORTED_DATATYPE. cV=Mz8tUMo5ZAxxSxfEgUQ12c}
{"logTime": "0201/121622", "correlationVector":"Mz8tUMo5ZAxxSxfEgUQ12c.1","action":"SyncServerConnectionManagerRequest", "result":"SYNC_SERVER_OK", "context":{"environment":"Prod_southeastasia_prod-s01-065-apac-southeastasia", "migrationStage":"NotStarted", "server":"akswtt11000000d"}}
{"logTime": "0201/121622", "correlationVector":"Mz8tUMo5ZAxxSxfEgUQ12c.2","action":"ProcessGetUpdates", "result":"Done", "context":{"dataType":"Autofill Profiles", "deleted":"1", "process_failed_to_decrypt":"0", "process_pending_decryption":"0", "process_success":"5", "total":"5"}}
{"logTime": "0201/121622", "correlationVector":"Mz8tUMo5ZAxxSxfEgUQ12c.3","action":"ProcessGetUpdates", "result":"Done", "context":{"dataType":"Autofill", "deleted":"0", "process_failed_to_decrypt":"0", "process_pending_decryption":"0", "process_success":"15", "total":"15"}}
{"logTime": "0201/121622", "correlationVector":"Mz8tUMo5ZAxxSxfEgUQ12c.4","action":"ProcessGetUpdates", "result":"Done", "context":{"dataType":"Extensions", "deleted":"0", "process_failed_to_decrypt":"0", "process_pending_decryption":"0", "process_success":"1", "total":"1"}}
{"logTime": "0201/121622", "correlationVector":"Mz8tUMo5ZAxxSxfEgUQ12c.5","action":"ProcessGetUpdates", "result":"Done", "context":{"dataType":"Sessions", "deleted":"228", "process_failed_to_decrypt":"0", "process_pending_decryption":"0", "process_success":"228", "total":"228"}}
{"logTime": "0201/121622", "correlationVector":"Mz8tUMo5ZAxxSxfEgUQ12c.6","action":"ProcessGetUpdates", "result":"Done", "context":{"dataType":"Edge Hub App Usage", "deleted":"1", "process_failed_to_decrypt":"0", "process_pending_decryption":"0", "process_success":"1", "total":"1"}}
{"logTime": "0201/121622", "correlationVector":"Mz8tUMo5ZAxxSxfEgUQ12c.7","action":"GetUpdates Response", "result":"Success", "context":Received 250 update(s). cV=Mz8tUMo5ZAxxSxfEgUQ12c.0;server=akswtt11000000d;cloudType=Consumer;environment=Prod_southeastasia_prod-s01-065-apac-southeastasia;migrationStage=NotStarted Some updates remain.}
{"logTime": "0201/121622", "correlationVector":"7hALplkrSEK7P61rxMKEuJ","action":"Initial GetUpdates", "result":"", "context":Reason: NEWLY_SUPPORTED_DATATYPE. cV=7hALplkrSEK7P61rxMKEuJ}
{"logTime": "0201/121622", "correlationVector":"7hALplkrSEK7P61rxMKEuJ.1","action":"SyncServerConnectionManagerRequest", "result":"SYNC_SERVER_OK", "context":{"environment":"Prod_southeastasia_prod-s01-065-apac-southeastasia", "migrationStage":"NotStarted", "server":"akswtt11000000a"}}
{"logTime": "0201/121622", "correlationVector":"7hALplkrSEK7P61rxMKEuJ.2","action":"ProcessGetUpdates", "result":"Done", "context":{"dataType":"Autofill Profiles", "deleted":"1", "process_failed_to_decrypt":"0", "process_pending_decryption":"0", "process_success":"1", "total":"1"}}
{"logTime": "0201/121622", "correlationVector":"7hALplkrSEK7P61rxMKEuJ.3","action":"ProcessGetUpdates", "result":"Done", "context":{"dataType":"Autofill", "deleted":"0", "process_failed_to_decrypt":"0", "process_pending_decryption":"0", "process_success":"4", "total":"4"}}
{"logTime": "0201/121622", "correlationVector":"7hALplkrSEK7P61rxMKEuJ.4","action":"ProcessGetUpdates", "result":"Done", "context":{"dataType":"Extensions", "deleted":"0", "process_failed_to_decrypt":"0", "process_pending_decryption":"0", "process_success":"1", "total":"1"}}
{"logTime": "0201/121622", "correlationVector":"7hALplkrSEK7P61rxMKEuJ.5","action":"ProcessGetUpdates", "result":"Done", "context":{"dataType":"Sessions", "deleted":"236", "process_failed_to_decrypt":"0", "process_pending_decryption":"0", "process_success":"236", "total":"236"}}
{"logTime": "0201/121622", "correlationVector":"7hALplkrSEK7P61rxMKEuJ.6","action":"ProcessGetUpdates", "result":"Done", "context":{"dataType":"Edge Hub App Usage", "deleted":"4", "process_failed_to_decrypt":"0", "process_pending_decryption":"0", "process_success":"8", "total":"8"}}
{"logTime": "0201/121622", "correlationVector":"7hALplkrSEK7P61rxMKEuJ.7","action":"GetUpdates Response", "result":"Success", "context":Received 250 update(s). cV=7hALplkrSEK7P61rxMKEuJ.0;server=akswtt11000000a;cloudType=Consumer;environment=Prod_southeastasia_prod-s01-065-apac-southeastasia;migrationStage=NotStarted Some updates remain.}
{"logTime": "0201/121622", "correlationVector":"lV+Om+6IDc5LJtat552RE+","action":"Initial GetUpdates", "result":"", "context":Reason: NEWLY_SUPPORTED_DATATYPE. cV=lV+Om+6IDc5LJtat552RE+}
{"logTime": "0201/121623", "correlationVector":"lV+Om+6IDc5LJtat552RE+.1","action":"SyncServerConnectionManagerRequest", "result":"SYNC_SERVER_OK", "context":{"environment":"Prod_southeastasia_prod-s01-065-apac-southeastasia", "migrationStage":"NotStarted", "server":"akswtt11000000o"}}
{"logTime": "0201/121623", "correlationVector":"lV+Om+6IDc5LJtat552RE+.2","action":"ProcessGetUpdates", "result":"Done", "context":{"dataType":"Autofill Profiles", "deleted":"0", "process_failed_to_decrypt":"0", "process_pending_decryption":"0", "process_success":"1", "total":"1"}}
{"logTime": "0201/121623", "correlationVector":"lV+Om+6IDc5LJtat552RE+.3","action":"ProcessGetUpdates", "result":"Done", "context":{"dataType":"Autofill", "deleted":"0", "process_failed_to_decrypt":"0", "process_pending_decryption":"0", "process_success":"6", "total":"6"}}
{"logTime": "0201/121623", "correlationVector":"lV+Om+6IDc5LJtat552RE+.4","action":"ProcessGetUpdates", "result":"Done", "context":{"dataType":"Extensions", "deleted":"1", "process_failed_to_decrypt":"0", "process_pending_decryption":"0", "process_success":"2", "total":"2"}}
{"logTime": "0201/121623", "correlationVector":"lV+Om+6IDc5LJtat552RE+.5","action":"ProcessGetUpdates", "result":"Done", "context":{"dataType":"Sessions", "deleted":"222", "process_failed_to_decrypt":"0", "process_pending_decryption":"0", "process_success":"222", "total":"222"}}
{"logTime": "0201/121623", "correlationVector":"lV+Om+6IDc5LJtat552RE+.6","action":"ProcessGetUpdates", "result":"Done", "context":{"dataType":"Extension settings", "deleted":"7", "process_failed_to_decrypt":"0", "process_pending_decryption":"0", "process_success":"9", "total":"9"}}
{"logTime": "0201/121623", "correlationVector":"lV+Om+6IDc5LJtat552RE+.7","action":"ProcessGetUpdates", "result":"Done", "context":{"dataType":"Saved Tab Group", "deleted":"7", "process_failed_to_decrypt":"0", "process_pending_decryption":"0", "process_success":"9", "total":"9"}}
{"logTime": "0201/121623", "correlationVector":"lV+Om+6IDc5LJtat552RE+.8","action":"ProcessGetUpdates", "result":"Done", "context":{"dataType":"Edge Hub App Usage", "deleted":"0", "process_failed_to_decrypt":"0", "process_pending_decryption":"0", "process_success":"1", "total":"1"}}
{"logTime": "0201/121623", "correlationVector":"lV+Om+6IDc5LJtat552RE+.9","action":"GetUpdates Response", "result":"Success", "context":Received 250 update(s). cV=lV+Om+6IDc5LJtat552RE+.0;server=akswtt11000000o;cloudType=Consumer;environment=Prod_southeastasia_prod-s01-065-apac-southeastasia;migrationStage=NotStarted Some updates remain.}
{"logTime": "0201/121623", "correlationVector":"gn0v3MtPLhCkBNev0xri3z","action":"Initial GetUpdates", "result":"", "context":Reason: NEWLY_SUPPORTED_DATATYPE. cV=gn0v3MtPLhCkBNev0xri3z}
{"logTime": "0201/121624", "correlationVector":"gn0v3MtPLhCkBNev0xri3z.1","action":"SyncServerConnectionManagerRequest", "result":"SYNC_SERVER_OK", "context":{"environment":"Prod_southeastasia_prod-s01-065-apac-southeastasia", "migrationStage":"NotStarted", "server":"akswtt110000004"}}
{"logTime": "0201/121624", "correlationVector":"gn0v3MtPLhCkBNev0xri3z.2","action":"ProcessGetUpdates", "result":"Done", "context":{"dataType":"Autofill Profiles", "deleted":"0", "process_failed_to_decrypt":"0", "process_pending_decryption":"0", "process_success":"1", "total":"1"}}
{"logTime": "0201/121624", "correlationVector":"gn0v3MtPLhCkBNev0xri3z.3","action":"ProcessGetUpdates", "result":"Done", "context":{"dataType":"Autofill", "deleted":"0", "process_failed_to_decrypt":"0", "process_pending_decryption":"0", "process_success":"9", "total":"9"}}
{"logTime": "0201/121624", "correlationVector":"gn0v3MtPLhCkBNev0xri3z.4","action":"ProcessGetUpdates", "result":"Done", "context":{"dataType":"Extensions", "deleted":"0", "process_failed_to_decrypt":"0", "process_pending_decryption":"0", "process_success":"2", "total":"2"}}
{"logTime": "0201/121624", "correlationVector":"gn0v3MtPLhCkBNev0xri3z.5","action":"ProcessGetUpdates", "result":"Done", "context":{"dataType":"Sessions", "deleted":"191", "process_failed_to_decrypt":"0", "process_pending_decryption":"0", "process_success":"209", "total":"209"}}
{"logTime": "0201/121624", "correlationVector":"gn0v3MtPLhCkBNev0xri3z.6","action":"ProcessGetUpdates", "result":"Done", "context":{"dataType":"History Delete Directives", "deleted":"0", "process_failed_to_decrypt":"0", "process_pending_decryption":"0", "process_success":"1", "total":"1"}}
{"logTime": "0201/121624", "correlationVector":"gn0v3MtPLhCkBNev0xri3z.7","action":"ProcessGetUpdates", "result":"Done", "context":{"dataType":"Saved Tab Group", "deleted":"4", "process_failed_to_decrypt":"0", "process_pending_decryption":"0", "process_success":"4", "total":"4"}}
{"logTime": "0201/121624", "correlationVector":"gn0v3MtPLhCkBNev0xri3z.8","action":"ProcessGetUpdates", "result":"Done", "context":{"dataType":"Edge Hub App Usage", "deleted":"4", "process_failed_to_decrypt":"0", "process_pending_decryption":"0", "process_success":"11", "total":"11"}}
{"logTime": "0201/121624", "correlationVector":"gn0v3MtPLhCkBNev0xri3z.9","action":"GetUpdates Response", "result":"Success", "context":Received 237 update(s). cV=gn0v3MtPLhCkBNev0xri3z.0;server=akswtt110000004;cloudType=Consumer;environment=Prod_southeastasia_prod-s01-065-apac-southeastasia;migrationStage=NotStarted}
{"logTime": "0201/121624", "correlationVector":"ub0HAWaCgXGX1W5UaxvAR4","action":"Initial GetUpdates", "result":"", "context":Reason: NEWLY_SUPPORTED_DATATYPE. cV=ub0HAWaCgXGX1W5UaxvAR4}
{"logTime": "0201/121624", "correlationVector":"ub0HAWaCgXGX1W5UaxvAR4.1","action":"SyncServerConnectionManagerRequest", "result":"SYNC_SERVER_OK", "context":{"environment":"Prod_southeastasia_prod-s01-065-apac-southeastasia", "migrationStage":"NotStarted", "server":"akswtt110000005"}}
{"logTime": "0201/121625", "correlationVector":"ub0HAWaCgXGX1W5UaxvAR4.2","action":"ProcessGetUpdates", "result":"Done", "context":{"dataType":"History", "deleted":"0", "process_failed_to_decrypt":"0", "process_pending_decryption":"0", "process_success":"250", "total":"250"}}
{"logTime": "0201/121625", "correlationVector":"ub0HAWaCgXGX1W5UaxvAR4.3","action":"GetUpdates Response", "result":"Success", "context":Received 250 update(s). cV=ub0HAWaCgXGX1W5UaxvAR4.0;server=akswtt110000005;cloudType=Consumer;environment=Prod_southeastasia_prod-s01-065-apac-southeastasia;migrationStage=NotStarted Some updates remain.}
{"logTime": "0201/121625", "correlationVector":"KRf/HhV1g8rGqmM5+hzSN+","action":"Initial GetUpdates", "result":"", "context":Reason: NEWLY_SUPPORTED_DATATYPE. cV=KRf/HhV1g8rGqmM5+hzSN+}
{"logTime": "0201/121626", "correlationVector":"KRf/HhV1g8rGqmM5+hzSN+.1","action":"SyncServerConnectionManagerRequest", "result":"SYNC_SERVER_OK", "context":{"environment":"Prod_southeastasia_prod-s01-065-apac-southeastasia", "migrationStage":"NotStarted", "server":"akswtt11000000b"}}
{"logTime": "0201/121626", "correlationVector":"KRf/HhV1g8rGqmM5+hzSN+.2","action":"ProcessGetUpdates", "result":"Done", "context":{"dataType":"History", "deleted":"0", "process_failed_to_decrypt":"0", "process_pending_decryption":"0", "process_success":"250", "total":"250"}}
{"logTime": "0201/121626", "correlationVector":"KRf/HhV1g8rGqmM5+hzSN+.3","action":"GetUpdates Response", "result":"Success", "context":Received 250 update(s). cV=KRf/HhV1g8rGqmM5+hzSN+.0;server=akswtt11000000b;cloudType=Consumer;environment=Prod_southeastasia_prod-s01-065-apac-southeastasia;migrationStage=NotStarted Some updates remain.}
{"logTime": "0201/121626", "correlationVector":"IDrjntMk/bUlbOR+AQ7Mfm","action":"Initial GetUpdates", "result":"", "context":Reason: NEWLY_SUPPORTED_DATATYPE. cV=IDrjntMk/bUlbOR+AQ7Mfm}
{"logTime": "0201/121626", "correlationVector":"IDrjntMk/bUlbOR+AQ7Mfm.1","action":"SyncServerConnectionManagerRequest", "result":"SYNC_SERVER_OK", "context":{"environment":"Prod_southeastasia_prod-s01-065-apac-southeastasia", "migrationStage":"NotStarted", "server":"akswtt11000000k"}}
{"logTime": "0201/121627", "correlationVector":"IDrjntMk/bUlbOR+AQ7Mfm.2","action":"ProcessGetUpdates", "result":"Done", "context":{"dataType":"History", "deleted":"0", "process_failed_to_decrypt":"0", "process_pending_decryption":"0", "process_success":"250", "total":"250"}}
{"logTime": "0201/121627", "correlationVector":"IDrjntMk/bUlbOR+AQ7Mfm.3","action":"GetUpdates Response", "result":"Success", "context":Received 250 update(s). cV=IDrjntMk/bUlbOR+AQ7Mfm.0;server=akswtt11000000k;cloudType=Consumer;environment=Prod_southeastasia_prod-s01-065-apac-southeastasia;migrationStage=NotStarted Some updates remain.}
{"logTime": "0201/121627", "correlationVector":"eV4xH5EHwWjQeuGubKVvH6","action":"Initial GetUpdates", "result":"", "context":Reason: NEWLY_SUPPORTED_DATATYPE. cV=eV4xH5EHwWjQeuGubKVvH6}
{"logTime": "0201/121627", "correlationVector":"eV4xH5EHwWjQeuGubKVvH6.1","action":"SyncServerConnectionManagerRequest", "result":"SYNC_SERVER_OK", "context":{"environment":"Prod_southeastasia_prod-s01-065-apac-southeastasia", "migrationStage":"NotStarted", "server":"akswtt11000000j"}}
{"logTime": "0201/121627", "correlationVector":"eV4xH5EHwWjQeuGubKVvH6.2","action":"ProcessGetUpdates", "result":"Done", "context":{"dataType":"History", "deleted":"0", "process_failed_to_decrypt":"0", "process_pending_decryption":"0", "process_success":"250", "total":"250"}}
{"logTime": "0201/121627", "correlationVector":"eV4xH5EHwWjQeuGubKVvH6.3","action":"GetUpdates Response", "result":"Success", "context":Received 250 update(s). cV=eV4xH5EHwWjQeuGubKVvH6.0;server=akswtt11000000j;cloudType=Consumer;environment=Prod_southeastasia_prod-s01-065-apac-southeastasia;migrationStage=NotStarted Some updates remain.}
{"logTime": "0201/121627", "correlationVector":"ns45Kk6RGgU6ULdYKNRNDl","action":"Initial GetUpdates", "result":"", "context":Reason: NEWLY_SUPPORTED_DATATYPE. cV=ns45Kk6RGgU6ULdYKNRNDl}
{"logTime": "0201/121628", "correlationVector":"ns45Kk6RGgU6ULdYKNRNDl.1","action":"SyncServerConnectionManagerRequest", "result":"SYNC_SERVER_OK", "context":{"environment":"Prod_southeastasia_prod-s01-065-apac-southeastasia", "migrationStage":"NotStarted", "server":"akswtt11000000n"}}
{"logTime": "0201/121628", "correlationVector":"ns45Kk6RGgU6ULdYKNRNDl.2","action":"ProcessGetUpdates", "result":"Done", "context":{"dataType":"History", "deleted":"0", "process_failed_to_decrypt":"0", "process_pending_decryption":"0", "process_success":"250", "total":"250"}}
{"logTime": "0201/121628", "correlationVector":"ns45Kk6RGgU6ULdYKNRNDl.3","action":"GetUpdates Response", "result":"Success", "context":Received 250 update(s). cV=ns45Kk6RGgU6ULdYKNRNDl.0;server=akswtt11000000n;cloudType=Consumer;environment=Prod_southeastasia_prod-s01-065-apac-southeastasia;migrationStage=NotStarted Some updates remain.}
{"logTime": "0201/121628", "correlationVector":"jNyaoX8NUHpIDZLfN4Hu/G","action":"Initial GetUpdates", "result":"", "context":Reason: NEWLY_SUPPORTED_DATATYPE. cV=jNyaoX8NUHpIDZLfN4Hu/G}
{"logTime": "0201/121629", "correlationVector":"jNyaoX8NUHpIDZLfN4Hu/G.1","action":"SyncServerConnectionManagerRequest", "result":"SYNC_SERVER_OK", "context":{"environment":"Prod_southeastasia_prod-s01-065-apac-southeastasia", "migrationStage":"NotStarted", "server":"akswtt11000000a"}}
{"logTime": "0201/121629", "correlationVector":"jNyaoX8NUHpIDZLfN4Hu/G.2","action":"ProcessGetUpdates", "result":"Done", "context":{"dataType":"History", "deleted":"0", "process_failed_to_decrypt":"0", "process_pending_decryption":"0", "process_success":"250", "total":"250"}}
{"logTime": "0201/121629", "correlationVector":"jNyaoX8NUHpIDZLfN4Hu/G.3","action":"GetUpdates Response", "result":"Success", "context":Received 250 update(s). cV=jNyaoX8NUHpIDZLfN4Hu/G.0;server=akswtt11000000a;cloudType=Consumer;environment=Prod_southeastasia_prod-s01-065-apac-southeastasia;migrationStage=NotStarted Some updates remain.}
{"logTime": "0201/121629", "correlationVector":"x9Y/Gn5B/mTrCXSZdas2lv","action":"Initial GetUpdates", "result":"", "context":Reason: NEWLY_SUPPORTED_DATATYPE. cV=x9Y/Gn5B/mTrCXSZdas2lv}
{"logTime": "0201/121630", "correlationVector":"x9Y/Gn5B/mTrCXSZdas2lv.1","action":"SyncServerConnectionManagerRequest", "result":"SYNC_SERVER_OK", "context":{"environment":"Prod_southeastasia_prod-s01-065-apac-southeastasia", "migrationStage":"NotStarted", "server":"akswtt11000000g"}}
{"logTime": "0201/121630", "correlationVector":"x9Y/Gn5B/mTrCXSZdas2lv.2","action":"ProcessGetUpdates", "result":"Done", "context":{"dataType":"History", "deleted":"0", "process_failed_to_decrypt":"0", "process_pending_decryption":"0", "process_success":"250", "total":"250"}}
{"logTime": "0201/121630", "correlationVector":"x9Y/Gn5B/mTrCXSZdas2lv.3","action":"GetUpdates Response", "result":"Success", "context":Received 250 update(s). cV=x9Y/Gn5B/mTrCXSZdas2lv.0;server=akswtt11000000g;cloudType=Consumer;environment=Prod_southeastasia_prod-s01-065-apac-southeastasia;migrationStage=NotStarted Some updates remain.}
{"logTime": "0201/121630", "correlationVector":"JoWZ7Z3CpkkyLx9yYr3LkJ","action":"Initial GetUpdates", "result":"", "context":Reason: NEWLY_SUPPORTED_DATATYPE. cV=JoWZ7Z3CpkkyLx9yYr3LkJ}
{"logTime": "0201/121631", "correlationVector":"JoWZ7Z3CpkkyLx9yYr3LkJ.1","action":"SyncServerConnectionManagerRequest", "result":"SYNC_SERVER_OK", "context":{"environment":"Prod_southeastasia_prod-s01-065-apac-southeastasia", "migrationStage":"NotStarted", "server":"akswtt11000000j"}}
{"logTime": "0201/121631", "correlationVector":"JoWZ7Z3CpkkyLx9yYr3LkJ.2","action":"ProcessGetUpdates", "result":"Done", "context":{"dataType":"History", "deleted":"0", "process_failed_to_decrypt":"0", "process_pending_decryption":"0", "process_success":"250", "total":"250"}}
{"logTime": "0201/121631", "correlationVector":"JoWZ7Z3CpkkyLx9yYr3LkJ.3","action":"GetUpdates Response", "result":"Success", "context":Received 250 update(s). cV=JoWZ7Z3CpkkyLx9yYr3LkJ.0;server=akswtt11000000j;cloudType=Consumer;environment=Prod_southeastasia_prod-s01-065-apac-southeastasia;migrationStage=NotStarted Some updates remain.}
{"logTime": "0201/121631", "correlationVector":"lSEHGPZvTEVAZjog43kIok","action":"Initial GetUpdates", "result":"", "context":Reason: NEWLY_SUPPORTED_DATATYPE. cV=lSEHGPZvTEVAZjog43kIok}
{"logTime": "0201/121632", "correlationVector":"lSEHGPZvTEVAZjog43kIok.1","action":"SyncServerConnectionManagerRequest", "result":"SYNC_SERVER_OK", "context":{"environment":"Prod_southeastasia_prod-s01-065-apac-southeastasia", "migrationStage":"NotStarted", "server":"akswtt11000000k"}}
{"logTime": "0201/121632", "correlationVector":"lSEHGPZvTEVAZjog43kIok.2","action":"ProcessGetUpdates", "result":"Done", "context":{"dataType":"History", "deleted":"0", "process_failed_to_decrypt":"0", "process_pending_decryption":"0", "process_success":"250", "total":"250"}}
{"logTime": "0201/121632", "correlationVector":"lSEHGPZvTEVAZjog43kIok.3","action":"GetUpdates Response", "result":"Success", "context":Received 250 update(s). cV=lSEHGPZvTEVAZjog43kIok.0;server=akswtt11000000k;cloudType=Consumer;environment=Prod_southeastasia_prod-s01-065-apac-southeastasia;migrationStage=NotStarted Some updates remain.}
{"logTime": "0201/121632", "correlationVector":"//1OUSAoLz33s6pQO5SBhM","action":"Initial GetUpdates", "result":"", "context":Reason: NEWLY_SUPPORTED_DATATYPE. cV=//1OUSAoLz33s6pQO5SBhM}
{"logTime": "0201/121632", "correlationVector":"//1OUSAoLz33s6pQO5SBhM.1","action":"SyncServerConnectionManagerRequest", "result":"SYNC_SERVER_OK", "context":{"environment":"Prod_southeastasia_prod-s01-065-apac-southeastasia", "migrationStage":"NotStarted", "server":"akswtt11000000j"}}
{"logTime": "0201/121632", "correlationVector":"//1OUSAoLz33s6pQO5SBhM.2","action":"ProcessGetUpdates", "result":"Done", "context":{"dataType":"History", "deleted":"0", "process_failed_to_decrypt":"0", "process_pending_decryption":"0", "process_success":"250", "total":"250"}}
{"logTime": "0201/121632", "correlationVector":"//1OUSAoLz33s6pQO5SBhM.3","action":"GetUpdates Response", "result":"Success", "context":Received 250 update(s). cV=//1OUSAoLz33s6pQO5SBhM.0;server=akswtt11000000j;cloudType=Consumer;environment=Prod_southeastasia_prod-s01-065-apac-southeastasia;migrationStage=NotStarted Some updates remain.}
{"logTime": "0201/121632", "correlationVector":"Y3nA15ZLuBwtnL+uG5Ro5a","action":"Initial GetUpdates", "result":"", "context":Reason: NEWLY_SUPPORTED_DATATYPE. cV=Y3nA15ZLuBwtnL+uG5Ro5a}
{"logTime": "0201/121633", "correlationVector":"Y3nA15ZLuBwtnL+uG5Ro5a.1","action":"SyncServerConnectionManagerRequest", "result":"SYNC_SERVER_OK", "context":{"environment":"Prod_southeastasia_prod-s01-065-apac-southeastasia", "migrationStage":"NotStarted", "server":"akswtt11000000n"}}
{"logTime": "0201/121633", "correlationVector":"Y3nA15ZLuBwtnL+uG5Ro5a.2","action":"ProcessGetUpdates", "result":"Done", "context":{"dataType":"History", "deleted":"0", "process_failed_to_decrypt":"0", "process_pending_decryption":"0", "process_success":"250", "total":"250"}}
{"logTime": "0201/121633", "correlationVector":"Y3nA15ZLuBwtnL+uG5Ro5a.3","action":"GetUpdates Response", "result":"Success", "context":Received 250 update(s). cV=Y3nA15ZLuBwtnL+uG5Ro5a.0;server=akswtt11000000n;cloudType=Consumer;environment=Prod_southeastasia_prod-s01-065-apac-southeastasia;migrationStage=NotStarted Some updates remain.}
{"logTime": "0201/121634", "correlationVector":"iQQMDheSUDKVHNISYBO58G","action":"Initial GetUpdates", "result":"", "context":Reason: NEWLY_SUPPORTED_DATATYPE. cV=iQQMDheSUDKVHNISYBO58G}
{"logTime": "0201/121634", "correlationVector":"iQQMDheSUDKVHNISYBO58G.1","action":"SyncServerConnectionManagerRequest", "result":"SYNC_SERVER_OK", "context":{"environment":"Prod_southeastasia_prod-s01-065-apac-southeastasia", "migrationStage":"NotStarted", "server":"akswtt11000000k"}}
{"logTime": "0201/121634", "correlationVector":"iQQMDheSUDKVHNISYBO58G.2","action":"ProcessGetUpdates", "result":"Done", "context":{"dataType":"History", "deleted":"0", "process_failed_to_decrypt":"0", "process_pending_decryption":"0", "process_success":"250", "total":"250"}}
{"logTime": "0201/121634", "correlationVector":"iQQMDheSUDKVHNISYBO58G.3","action":"GetUpdates Response", "result":"Success", "context":Received 250 update(s). cV=iQQMDheSUDKVHNISYBO58G.0;server=akswtt11000000k;cloudType=Consumer;environment=Prod_southeastasia_prod-s01-065-apac-southeastasia;migrationStage=NotStarted Some updates remain.}
{"logTime": "0201/121634", "correlationVector":"4tWRRM5rsOH97fcKDTBrav","action":"Initial GetUpdates", "result":"", "context":Reason: NEWLY_SUPPORTED_DATATYPE. cV=4tWRRM5rsOH97fcKDTBrav}
{"logTime": "0201/121635", "correlationVector":"4tWRRM5rsOH97fcKDTBrav.1","action":"SyncServerConnectionManagerRequest", "result":"SYNC_SERVER_OK", "context":{"environment":"Prod_southeastasia_prod-s01-065-apac-southeastasia", "migrationStage":"NotStarted", "server":"akswtt11000000d"}}
{"logTime": "0201/121635", "correlationVector":"4tWRRM5rsOH97fcKDTBrav.2","action":"ProcessGetUpdates", "result":"Done", "context":{"dataType":"History", "deleted":"0", "process_failed_to_decrypt":"0", "process_pending_decryption":"0", "process_success":"250", "total":"250"}}
{"logTime": "0201/121635", "correlationVector":"4tWRRM5rsOH97fcKDTBrav.3","action":"GetUpdates Response", "result":"Success", "context":Received 250 update(s). cV=4tWRRM5rsOH97fcKDTBrav.0;server=akswtt11000000d;cloudType=Consumer;environment=Prod_southeastasia_prod-s01-065-apac-southeastasia;migrationStage=NotStarted Some updates remain.}
{"logTime": "0201/121635", "correlationVector":"t8WJ7DMMyt2XUJOt9NfivR","action":"Initial GetUpdates", "result":"", "context":Reason: NEWLY_SUPPORTED_DATATYPE. cV=t8WJ7DMMyt2XUJOt9NfivR}
{"logTime": "0201/121636", "correlationVector":"t8WJ7DMMyt2XUJOt9NfivR.1","action":"SyncServerConnectionManagerRequest", "result":"SYNC_SERVER_OK", "context":{"environment":"Prod_southeastasia_prod-s01-065-apac-southeastasia", "migrationStage":"NotStarted", "server":"akswtt110000005"}}
{"logTime": "0201/121636", "correlationVector":"t8WJ7DMMyt2XUJOt9NfivR.2","action":"ProcessGetUpdates", "result":"Done", "context":{"dataType":"History", "deleted":"0", "process_failed_to_decrypt":"0", "process_pending_decryption":"0", "process_success":"250", "total":"250"}}
{"logTime": "0201/121636", "correlationVector":"t8WJ7DMMyt2XUJOt9NfivR.3","action":"GetUpdates Response", "result":"Success", "context":Received 250 update(s). cV=t8WJ7DMMyt2XUJOt9NfivR.0;server=akswtt110000005;cloudType=Consumer;environment=Prod_southeastasia_prod-s01-065-apac-southeastasia;migrationStage=NotStarted Some updates remain.}
{"logTime": "0201/121636", "correlationVector":"7R71DuhFiUHbUuj52Uplfm","action":"Initial GetUpdates", "result":"", "context":Reason: NEWLY_SUPPORTED_DATATYPE. cV=7R71DuhFiUHbUuj52Uplfm}
{"logTime": "0201/121636", "correlationVector":"7R71DuhFiUHbUuj52Uplfm.1","action":"SyncServerConnectionManagerRequest", "result":"SYNC_SERVER_OK", "context":{"environment":"Prod_southeastasia_prod-s01-065-apac-southeastasia", "migrationStage":"NotStarted", "server":"akswtt110000010"}}
{"logTime": "0201/121636", "correlationVector":"7R71DuhFiUHbUuj52Uplfm.2","action":"ProcessGetUpdates", "result":"Done", "context":{"dataType":"History", "deleted":"0", "process_failed_to_decrypt":"0", "process_pending_decryption":"0", "process_success":"250", "total":"250"}}
{"logTime": "0201/121636", "correlationVector":"7R71DuhFiUHbUuj52Uplfm.3","action":"GetUpdates Response", "result":"Success", "context":Received 250 update(s). cV=7R71DuhFiUHbUuj52Uplfm.0;server=akswtt110000010;cloudType=Consumer;environment=Prod_southeastasia_prod-s01-065-apac-southeastasia;migrationStage=NotStarted Some updates remain.}
{"logTime": "0201/121636", "correlationVector":"nHa/29ueV5xU2GpnhXWvJP","action":"Initial GetUpdates", "result":"", "context":Reason: NEWLY_SUPPORTED_DATATYPE. cV=nHa/29ueV5xU2GpnhXWvJP}
{"logTime": "0201/121637", "correlationVector":"nHa/29ueV5xU2GpnhXWvJP.1","action":"SyncServerConnectionManagerRequest", "result":"SYNC_SERVER_OK", "context":{"environment":"Prod_southeastasia_prod-s01-065-apac-southeastasia", "migrationStage":"NotStarted", "server":"akswtt11000000m"}}
{"logTime": "0201/121637", "correlationVector":"nHa/29ueV5xU2GpnhXWvJP.2","action":"ProcessGetUpdates", "result":"Done", "context":{"dataType":"History", "deleted":"0", "process_failed_to_decrypt":"0", "process_pending_decryption":"0", "process_success":"250", "total":"250"}}
{"logTime": "0201/121637", "correlationVector":"nHa/29ueV5xU2GpnhXWvJP.3","action":"GetUpdates Response", "result":"Success", "context":Received 250 update(s). cV=nHa/29ueV5xU2GpnhXWvJP.0;server=akswtt11000000m;cloudType=Consumer;environment=Prod_southeastasia_prod-s01-065-apac-southeastasia;migrationStage=NotStarted Some updates remain.}
{"logTime": "0201/121637", "correlationVector":"diZKRKpKngn6vCAVjFDy+r","action":"Initial GetUpdates", "result":"", "context":Reason: NEWLY_SUPPORTED_DATATYPE. cV=diZKRKpKngn6vCAVjFDy+r}
{"logTime": "0201/121638", "correlationVector":"diZKRKpKngn6vCAVjFDy+r.1","action":"SyncServerConnectionManagerRequest", "result":"SYNC_SERVER_OK", "context":{"environment":"Prod_southeastasia_prod-s01-065-apac-southeastasia", "migrationStage":"NotStarted", "server":"akswtt11000000d"}}
{"logTime": "0201/121638", "correlationVector":"diZKRKpKngn6vCAVjFDy+r.2","action":"ProcessGetUpdates", "result":"Done", "context":{"dataType":"History", "deleted":"0", "process_failed_to_decrypt":"0", "process_pending_decryption":"0", "process_success":"250", "total":"250"}}
{"logTime": "0201/121638", "correlationVector":"diZKRKpKngn6vCAVjFDy+r.3","action":"GetUpdates Response", "result":"Success", "context":Received 250 update(s). cV=diZKRKpKngn6vCAVjFDy+r.0;server=akswtt11000000d;cloudType=Consumer;environment=Prod_southeastasia_prod-s01-065-apac-southeastasia;migrationStage=NotStarted Some updates remain.}
{"logTime": "0201/121638", "correlationVector":"LPqTQnBTO3aRWTTEixIdIt","action":"Initial GetUpdates", "result":"", "context":Reason: NEWLY_SUPPORTED_DATATYPE. cV=LPqTQnBTO3aRWTTEixIdIt}
{"logTime": "0201/121638", "correlationVector":"LPqTQnBTO3aRWTTEixIdIt.1","action":"SyncServerConnectionManagerRequest", "result":"SYNC_SERVER_OK", "context":{"environment":"Prod_southeastasia_prod-s01-065-apac-southeastasia", "migrationStage":"NotStarted", "server":"akswtt11000000j"}}
{"logTime": "0201/121638", "correlationVector":"LPqTQnBTO3aRWTTEixIdIt.2","action":"ProcessGetUpdates", "result":"Done", "context":{"dataType":"History", "deleted":"7", "process_failed_to_decrypt":"0", "process_pending_decryption":"0", "process_success":"250", "total":"250"}}
{"logTime": "0201/121639", "correlationVector":"LPqTQnBTO3aRWTTEixIdIt.3","action":"GetUpdates Response", "result":"Success", "context":Received 250 update(s). cV=LPqTQnBTO3aRWTTEixIdIt.0;server=akswtt11000000j;cloudType=Consumer;environment=Prod_southeastasia_prod-s01-065-apac-southeastasia;migrationStage=NotStarted Some updates remain.}
{"logTime": "0201/121639", "correlationVector":"/qLioYnKMZQ1a+DNOAmyPG","action":"Initial GetUpdates", "result":"", "context":Reason: NEWLY_SUPPORTED_DATATYPE. cV=/qLioYnKMZQ1a+DNOAmyPG}
{"logTime": "0201/121639", "correlationVector":"/qLioYnKMZQ1a+DNOAmyPG.1","action":"SyncServerConnectionManagerRequest", "result":"SYNC_SERVER_OK", "context":{"environment":"Prod_southeastasia_prod-s01-065-apac-southeastasia", "migrationStage":"NotStarted", "server":"akswtt11000000u"}}
{"logTime": "0201/121639", "correlationVector":"/qLioYnKMZQ1a+DNOAmyPG.2","action":"ProcessGetUpdates", "result":"Done", "context":{"dataType":"History", "deleted":"0", "process_failed_to_decrypt":"0", "process_pending_decryption":"0", "process_success":"250", "total":"250"}}
{"logTime": "0201/121639", "correlationVector":"/qLioYnKMZQ1a+DNOAmyPG.3","action":"GetUpdates Response", "result":"Success", "context":Received 250 update(s). cV=/qLioYnKMZQ1a+DNOAmyPG.0;server=akswtt11000000u;cloudType=Consumer;environment=Prod_southeastasia_prod-s01-065-apac-southeastasia;migrationStage=NotStarted Some updates remain.}
{"logTime": "0201/121639", "correlationVector":"rkHmZSx7szr84TuKPF9xIL","action":"Initial GetUpdates", "result":"", "context":Reason: NEWLY_SUPPORTED_DATATYPE. cV=rkHmZSx7szr84TuKPF9xIL}
{"logTime": "0201/121640", "correlationVector":"rkHmZSx7szr84TuKPF9xIL.1","action":"SyncServerConnectionManagerRequest", "result":"SYNC_SERVER_OK", "context":{"environment":"Prod_southeastasia_prod-s01-065-apac-southeastasia", "migrationStage":"NotStarted", "server":"akswtt11000000k"}}
{"logTime": "0201/121640", "correlationVector":"rkHmZSx7szr84TuKPF9xIL.2","action":"ProcessGetUpdates", "result":"Done", "context":{"dataType":"History", "deleted":"0", "process_failed_to_decrypt":"0", "process_pending_decryption":"0", "process_success":"250", "total":"250"}}
{"logTime": "0201/121640", "correlationVector":"rkHmZSx7szr84TuKPF9xIL.3","action":"GetUpdates Response", "result":"Success", "context":Received 250 update(s). cV=rkHmZSx7szr84TuKPF9xIL.0;server=akswtt11000000k;cloudType=Consumer;environment=Prod_southeastasia_prod-s01-065-apac-southeastasia;migrationStage=NotStarted Some updates remain.}
{"logTime": "0201/121640", "correlationVector":"ZGo6Xo5ZgvR6kTYk7NDasu","action":"Initial GetUpdates", "result":"", "context":Reason: NEWLY_SUPPORTED_DATATYPE. cV=ZGo6Xo5ZgvR6kTYk7NDasu}
{"logTime": "0201/121641", "correlationVector":"ZGo6Xo5ZgvR6kTYk7NDasu.1","action":"SyncServerConnectionManagerRequest", "result":"SYNC_SERVER_OK", "context":{"environment":"Prod_southeastasia_prod-s01-065-apac-southeastasia", "migrationStage":"NotStarted", "server":"akswtt11000000a"}}
{"logTime": "0201/121641", "correlationVector":"ZGo6Xo5ZgvR6kTYk7NDasu.2","action":"ProcessGetUpdates", "result":"Done", "context":{"dataType":"History", "deleted":"0", "process_failed_to_decrypt":"0", "process_pending_decryption":"0", "process_success":"250", "total":"250"}}
{"logTime": "0201/121641", "correlationVector":"ZGo6Xo5ZgvR6kTYk7NDasu.3","action":"GetUpdates Response", "result":"Success", "context":Received 250 update(s). cV=ZGo6Xo5ZgvR6kTYk7NDasu.0;server=akswtt11000000a;cloudType=Consumer;environment=Prod_southeastasia_prod-s01-065-apac-southeastasia;migrationStage=NotStarted Some updates remain.}
{"logTime": "0201/121641", "correlationVector":"ymKO9QLwydWt/tCqC+sn4g","action":"Initial GetUpdates", "result":"", "context":Reason: NEWLY_SUPPORTED_DATATYPE. cV=ymKO9QLwydWt/tCqC+sn4g}
{"logTime": "0201/121642", "correlationVector":"ymKO9QLwydWt/tCqC+sn4g.1","action":"SyncServerConnectionManagerRequest", "result":"SYNC_SERVER_OK", "context":{"environment":"Prod_southeastasia_prod-s01-065-apac-southeastasia", "migrationStage":"NotStarted", "server":"akswtt11000000n"}}
{"logTime": "0201/121642", "correlationVector":"ymKO9QLwydWt/tCqC+sn4g.2","action":"ProcessGetUpdates", "result":"Done", "context":{"dataType":"History", "deleted":"0", "process_failed_to_decrypt":"0", "process_pending_decryption":"0", "process_success":"250", "total":"250"}}
{"logTime": "0201/121642", "correlationVector":"ymKO9QLwydWt/tCqC+sn4g.3","action":"GetUpdates Response", "result":"Success", "context":Received 250 update(s). cV=ymKO9QLwydWt/tCqC+sn4g.0;server=akswtt11000000n;cloudType=Consumer;environment=Prod_southeastasia_prod-s01-065-apac-southeastasia;migrationStage=NotStarted Some updates remain.}
{"logTime": "0201/121642", "correlationVector":"r5Y/4KF2TaUK2WpkNvZqjY","action":"Initial GetUpdates", "result":"", "context":Reason: NEWLY_SUPPORTED_DATATYPE. cV=r5Y/4KF2TaUK2WpkNvZqjY}
{"logTime": "0201/121642", "correlationVector":"r5Y/4KF2TaUK2WpkNvZqjY.1","action":"SyncServerConnectionManagerRequest", "result":"SYNC_SERVER_OK", "context":{"environment":"Prod_southeastasia_prod-s01-065-apac-southeastasia", "migrationStage":"NotStarted", "server":"akswtt11000000a"}}
{"logTime": "0201/121642", "correlationVector":"r5Y/4KF2TaUK2WpkNvZqjY.2","action":"ProcessGetUpdates", "result":"Done", "context":{"dataType":"History", "deleted":"0", "process_failed_to_decrypt":"0", "process_pending_decryption":"0", "process_success":"250", "total":"250"}}
{"logTime": "0201/121642", "correlationVector":"r5Y/4KF2TaUK2WpkNvZqjY.3","action":"GetUpdates Response", "result":"Success", "context":Received 250 update(s). cV=r5Y/4KF2TaUK2WpkNvZqjY.0;server=akswtt11000000a;cloudType=Consumer;environment=Prod_southeastasia_prod-s01-065-apac-southeastasia;migrationStage=NotStarted Some updates remain.}
{"logTime": "0201/121642", "correlationVector":"zbx+h4oLEzqPEK4NU2JxCH","action":"Initial GetUpdates", "result":"", "context":Reason: NEWLY_SUPPORTED_DATATYPE. cV=zbx+h4oLEzqPEK4NU2JxCH}
{"logTime": "0201/121643", "correlationVector":"zbx+h4oLEzqPEK4NU2JxCH.1","action":"SyncServerConnectionManagerRequest", "result":"SYNC_SERVER_OK", "context":{"environment":"Prod_southeastasia_prod-s01-065-apac-southeastasia", "migrationStage":"NotStarted", "server":"akswtt11000000n"}}
{"logTime": "0201/121643", "correlationVector":"zbx+h4oLEzqPEK4NU2JxCH.2","action":"ProcessGetUpdates", "result":"Done", "context":{"dataType":"History", "deleted":"0", "process_failed_to_decrypt":"0", "process_pending_decryption":"0", "process_success":"250", "total":"250"}}
{"logTime": "0201/121643", "correlationVector":"zbx+h4oLEzqPEK4NU2JxCH.3","action":"GetUpdates Response", "result":"Success", "context":Received 250 update(s). cV=zbx+h4oLEzqPEK4NU2JxCH.0;server=akswtt11000000n;cloudType=Consumer;environment=Prod_southeastasia_prod-s01-065-apac-southeastasia;migrationStage=NotStarted Some updates remain.}
{"logTime": "0201/121643", "correlationVector":"9Zwbq0/F2aKXbAA0Gkn5ey","action":"Initial GetUpdates", "result":"", "context":Reason: NEWLY_SUPPORTED_DATATYPE. cV=9Zwbq0/F2aKXbAA0Gkn5ey}
{"logTime": "0201/121644", "correlationVector":"9Zwbq0/F2aKXbAA0Gkn5ey.1","action":"SyncServerConnectionManagerRequest", "result":"SYNC_SERVER_OK", "context":{"environment":"Prod_southeastasia_prod-s01-065-apac-southeastasia", "migrationStage":"NotStarted", "server":"akswtt11000000b"}}
{"logTime": "0201/121644", "correlationVector":"9Zwbq0/F2aKXbAA0Gkn5ey.2","action":"ProcessGetUpdates", "result":"Done", "context":{"dataType":"History", "deleted":"0", "process_failed_to_decrypt":"0", "process_pending_decryption":"0", "process_success":"250", "total":"250"}}
{"logTime": "0201/121644", "correlationVector":"9Zwbq0/F2aKXbAA0Gkn5ey.3","action":"GetUpdates Response", "result":"Success", "context":Received 250 update(s). cV=9Zwbq0/F2aKXbAA0Gkn5ey.0;server=akswtt11000000b;cloudType=Consumer;environment=Prod_southeastasia_prod-s01-065-apac-southeastasia;migrationStage=NotStarted Some updates remain.}
{"logTime": "0201/121644", "correlationVector":"g7tZSCPDCC2yrL4IajVm2x","action":"Initial GetUpdates", "result":"", "context":Reason: NEWLY_SUPPORTED_DATATYPE. cV=g7tZSCPDCC2yrL4IajVm2x}
{"logTime": "0201/121644", "correlationVector":"g7tZSCPDCC2yrL4IajVm2x.1","action":"SyncServerConnectionManagerRequest", "result":"SYNC_SERVER_OK", "context":{"environment":"Prod_southeastasia_prod-s01-065-apac-southeastasia", "migrationStage":"NotStarted", "server":"akswtt11000000k"}}
{"logTime": "0201/121644", "correlationVector":"g7tZSCPDCC2yrL4IajVm2x.2","action":"ProcessGetUpdates", "result":"Done", "context":{"dataType":"History", "deleted":"0", "process_failed_to_decrypt":"0", "process_pending_decryption":"0", "process_success":"250", "total":"250"}}
{"logTime": "0201/121644", "correlationVector":"g7tZSCPDCC2yrL4IajVm2x.3","action":"GetUpdates Response", "result":"Success", "context":Received 250 update(s). cV=g7tZSCPDCC2yrL4IajVm2x.0;server=akswtt11000000k;cloudType=Consumer;environment=Prod_southeastasia_prod-s01-065-apac-southeastasia;migrationStage=NotStarted Some updates remain.}
{"logTime": "0201/121644", "correlationVector":"T+Ngrjr++pKuwOdJ6kbMfD","action":"Initial GetUpdates", "result":"", "context":Reason: NEWLY_SUPPORTED_DATATYPE. cV=T+Ngrjr++pKuwOdJ6kbMfD}
{"logTime": "0201/121645", "correlationVector":"T+Ngrjr++pKuwOdJ6kbMfD.1","action":"SyncServerConnectionManagerRequest", "result":"SYNC_SERVER_OK", "context":{"environment":"Prod_southeastasia_prod-s01-065-apac-southeastasia", "migrationStage":"NotStarted", "server":"akswtt110000001"}}
{"logTime": "0201/121645", "correlationVector":"T+Ngrjr++pKuwOdJ6kbMfD.2","action":"ProcessGetUpdates", "result":"Done", "context":{"dataType":"History", "deleted":"0", "process_failed_to_decrypt":"0", "process_pending_decryption":"0", "process_success":"250", "total":"250"}}
{"logTime": "0201/121645", "correlationVector":"T+Ngrjr++pKuwOdJ6kbMfD.3","action":"GetUpdates Response", "result":"Success", "context":Received 250 update(s). cV=T+Ngrjr++pKuwOdJ6kbMfD.0;server=akswtt110000001;cloudType=Consumer;environment=Prod_southeastasia_prod-s01-065-apac-southeastasia;migrationStage=NotStarted Some updates remain.}
{"logTime": "0201/121645", "correlationVector":"e2bKoyVWMlBSt2oXVn6kHT","action":"Initial GetUpdates", "result":"", "context":Reason: NEWLY_SUPPORTED_DATATYPE. cV=e2bKoyVWMlBSt2oXVn6kHT}
{"logTime": "0201/121646", "correlationVector":"e2bKoyVWMlBSt2oXVn6kHT","action":"SyncServerConnectionManagerRequest", "result":"CONNECTION_UNAVAILABLE", "context":{"error_type":"net_error_code", "error_value":"-3"}}
